<?xml version="1.0" encoding="UTF-8"?>
<testng-results skipped="1" failed="0" ignored="4" total="10" passed="5">
  <reporter-output>
    <line>
      <![CDATA[Login as bank manager test executed]]>
    </line>
    <line>
      <![CDATA[<br>]]>
    </line>
    <line>
      <![CDATA[Add customer test executed]]>
    </line>
    <line>
      <![CDATA[<br>]]>
    </line>
    <line>
      <![CDATA[Add customer test executed]]>
    </line>
    <line>
      <![CDATA[<br>]]>
    </line>
    <line>
      <![CDATA[Add customer test executed]]>
    </line>
    <line>
      <![CDATA[<br>]]>
    </line>
    <line>
      <![CDATA[Open account test executed]]>
    </line>
    <line>
      <![CDATA[<br>]]>
    </line>
  </reporter-output>
  <suite name="All Test Suite" duration-ms="5161" started-at="2021-01-05T16:05:12 IST" finished-at="2021-01-05T16:05:17 IST">
    <groups>
    </groups>
    <test name="D:/AutomationCourse/DataDrivenFW" duration-ms="5161" started-at="2021-01-05T16:05:12 IST" finished-at="2021-01-05T16:05:17 IST">
      <class name="TestCases.OpenAccountTest">
        <test-method status="PASS" signature="openAccountTest(java.lang.String, java.lang.String)[pri:3, instance:TestCases.OpenAccountTest@7c711375]" name="openAccountTest" duration-ms="1582" started-at="2021-01-05T16:05:15 IST" data-provider="dp" finished-at="2021-01-05T16:05:17 IST">
          <params>
            <param index="0">
              <value>
                <![CDATA[Raman Aruna]]>
              </value>
            </param>
            <param index="1">
              <value>
                <![CDATA[Rupee]]>
              </value>
            </param>
          </params>
          <reporter-output>
            <line>
              <![CDATA[Open account test executed]]>
            </line>
            <line>
              <![CDATA[<br>]]>
            </line>
          </reporter-output>
        </test-method> <!-- openAccountTest -->
      </class> <!-- TestCases.OpenAccountTest -->
      <class name="TestCases.BankManagerLoginTest">
        <test-method status="PASS" signature="setUp()[pri:0, instance:TestCases.BankManagerLoginTest@593aaf41]" name="setUp" is-config="true" duration-ms="76259" started-at="2021-01-05T16:03:55 IST" finished-at="2021-01-05T16:05:12 IST">
          <reporter-output>
          </reporter-output>
        </test-method> <!-- setUp -->
        <test-method status="PASS" signature="BankManagerLoginTest()[pri:1, instance:TestCases.BankManagerLoginTest@593aaf41]" name="BankManagerLoginTest" duration-ms="344" started-at="2021-01-05T16:05:12 IST" finished-at="2021-01-05T16:05:12 IST">
          <reporter-output>
            <line>
              <![CDATA[Login as bank manager test executed]]>
            </line>
            <line>
              <![CDATA[<br>]]>
            </line>
          </reporter-output>
        </test-method> <!-- BankManagerLoginTest -->
        <test-method status="PASS" signature="tearDown()[pri:0, instance:TestCases.BankManagerLoginTest@593aaf41]" name="tearDown" is-config="true" duration-ms="902" started-at="2021-01-05T16:05:17 IST" finished-at="2021-01-05T16:05:18 IST">
          <reporter-output>
          </reporter-output>
        </test-method> <!-- tearDown -->
      </class> <!-- TestCases.BankManagerLoginTest -->
      <class name="TestCases.AddCustomerTest">
        <test-method status="PASS" signature="addCustomerTest(java.lang.String, java.lang.String, java.lang.String, java.lang.String, java.lang.String)[pri:2, instance:TestCases.AddCustomerTest@5a56cdac]" name="addCustomerTest" duration-ms="1225" started-at="2021-01-05T16:05:12 IST" data-provider="dp" finished-at="2021-01-05T16:05:13 IST">
          <params>
            <param index="0">
              <value>
                <![CDATA[Raman]]>
              </value>
            </param>
            <param index="1">
              <value>
                <![CDATA[Aruna]]>
              </value>
            </param>
            <param index="2">
              <value>
                <![CDATA[431005.0]]>
              </value>
            </param>
            <param index="3">
              <value>
                <![CDATA[Customer added successfully]]>
              </value>
            </param>
            <param index="4">
              <value>
                <![CDATA[Y]]>
              </value>
            </param>
          </params>
          <reporter-output>
            <line>
              <![CDATA[Add customer test executed]]>
            </line>
            <line>
              <![CDATA[<br>]]>
            </line>
          </reporter-output>
        </test-method> <!-- addCustomerTest -->
        <test-method status="PASS" signature="addCustomerTest(java.lang.String, java.lang.String, java.lang.String, java.lang.String, java.lang.String)[pri:2, instance:TestCases.AddCustomerTest@5a56cdac]" name="addCustomerTest" duration-ms="619" started-at="2021-01-05T16:05:14 IST" data-provider="dp" finished-at="2021-01-05T16:05:14 IST">
          <params>
            <param index="0">
              <value>
                <![CDATA[Rahul]]>
              </value>
            </param>
            <param index="1">
              <value>
                <![CDATA[Arora]]>
              </value>
            </param>
            <param index="2">
              <value>
                <![CDATA[431005.0]]>
              </value>
            </param>
            <param index="3">
              <value>
                <![CDATA[Customer added successfully]]>
              </value>
            </param>
            <param index="4">
              <value>
                <![CDATA[Y]]>
              </value>
            </param>
          </params>
          <reporter-output>
            <line>
              <![CDATA[Add customer test executed]]>
            </line>
            <line>
              <![CDATA[<br>]]>
            </line>
          </reporter-output>
        </test-method> <!-- addCustomerTest -->
        <test-method status="PASS" signature="addCustomerTest(java.lang.String, java.lang.String, java.lang.String, java.lang.String, java.lang.String)[pri:2, instance:TestCases.AddCustomerTest@5a56cdac]" name="addCustomerTest" duration-ms="544" started-at="2021-01-05T16:05:14 IST" data-provider="dp" finished-at="2021-01-05T16:05:15 IST">
          <params>
            <param index="0">
              <value>
                <![CDATA[Rohit ]]>
              </value>
            </param>
            <param index="1">
              <value>
                <![CDATA[Gupta]]>
              </value>
            </param>
            <param index="2">
              <value>
                <![CDATA[431005.0]]>
              </value>
            </param>
            <param index="3">
              <value>
                <![CDATA[Customer added successfully]]>
              </value>
            </param>
            <param index="4">
              <value>
                <![CDATA[Y]]>
              </value>
            </param>
          </params>
          <reporter-output>
            <line>
              <![CDATA[Add customer test executed]]>
            </line>
            <line>
              <![CDATA[<br>]]>
            </line>
          </reporter-output>
        </test-method> <!-- addCustomerTest -->
        <test-method status="SKIP" signature="addCustomerTest(java.lang.String, java.lang.String, java.lang.String, java.lang.String, java.lang.String)[pri:2, instance:TestCases.AddCustomerTest@5a56cdac]" name="addCustomerTest" duration-ms="1" started-at="2021-01-05T16:05:15 IST" data-provider="dp" finished-at="2021-01-05T16:05:15 IST">
          <params>
            <param index="0">
              <value>
                <![CDATA[Gautam]]>
              </value>
            </param>
            <param index="1">
              <value>
                <![CDATA[Sharma]]>
              </value>
            </param>
            <param index="2">
              <value>
                <![CDATA[431005.0]]>
              </value>
            </param>
            <param index="3">
              <value>
                <![CDATA[Customer added successfully]]>
              </value>
            </param>
            <param index="4">
              <value>
                <![CDATA[N]]>
              </value>
            </param>
          </params>
          <exception class="org.testng.SkipException">
            <message>
              <![CDATA[Skipping the test with values : Gautam, Sharma]]>
            </message>
            <full-stacktrace>
              <![CDATA[org.testng.SkipException: Skipping the test with values : Gautam, Sharma
at TestCases.AddCustomerTest.addCustomerTest(AddCustomerTest.java:25)
at sun.reflect.NativeMethodAccessorImpl.invoke0(Native Method)
at sun.reflect.NativeMethodAccessorImpl.invoke(NativeMethodAccessorImpl.java:62)
at sun.reflect.DelegatingMethodAccessorImpl.invoke(DelegatingMethodAccessorImpl.java:43)
at java.lang.reflect.Method.invoke(Method.java:498)
at org.testng.internal.MethodInvocationHelper.invokeMethod(MethodInvocationHelper.java:132)
at org.testng.internal.TestInvoker.invokeMethod(TestInvoker.java:599)
at org.testng.internal.TestInvoker.invokeTestMethod(TestInvoker.java:174)
at org.testng.internal.MethodRunner.runInSequence(MethodRunner.java:46)
at org.testng.internal.TestInvoker$MethodInvocationAgent.invoke(TestInvoker.java:822)
at org.testng.internal.TestInvoker.invokeTestMethods(TestInvoker.java:147)
at org.testng.internal.TestMethodWorker.invokeTestMethods(TestMethodWorker.java:146)
at org.testng.internal.TestMethodWorker.run(TestMethodWorker.java:128)
at java.util.ArrayList.forEach(ArrayList.java:1259)
at org.testng.TestRunner.privateRun(TestRunner.java:764)
at org.testng.TestRunner.run(TestRunner.java:585)
at org.testng.SuiteRunner.runTest(SuiteRunner.java:384)
at org.testng.SuiteRunner.runSequentially(SuiteRunner.java:378)
at org.testng.SuiteRunner.privateRun(SuiteRunner.java:337)
at org.testng.SuiteRunner.run(SuiteRunner.java:286)
at org.testng.SuiteRunnerWorker.runSuite(SuiteRunnerWorker.java:53)
at org.testng.SuiteRunnerWorker.run(SuiteRunnerWorker.java:96)
at org.testng.TestNG.runSuitesSequentially(TestNG.java:1218)
at org.testng.TestNG.runSuitesLocally(TestNG.java:1140)
at org.testng.TestNG.runSuites(TestNG.java:1069)
at org.testng.TestNG.run(TestNG.java:1037)
at org.apache.maven.surefire.testng.TestNGExecutor.run(TestNGExecutor.java:283)
at org.apache.maven.surefire.testng.TestNGXmlTestSuite.execute(TestNGXmlTestSuite.java:75)
at org.apache.maven.surefire.testng.TestNGProvider.invoke(TestNGProvider.java:120)
at org.apache.maven.surefire.booter.ForkedBooter.invokeProviderInSameClassLoader(ForkedBooter.java:379)
at org.apache.maven.surefire.booter.ForkedBooter.runSuitesInProcess(ForkedBooter.java:340)
at org.apache.maven.surefire.booter.ForkedBooter.execute(ForkedBooter.java:125)
at org.apache.maven.surefire.booter.ForkedBooter.main(ForkedBooter.java:413)
]]>
            </full-stacktrace>
          </exception> <!-- org.testng.SkipException -->
          <reporter-output>
          </reporter-output>
        </test-method> <!-- addCustomerTest -->
      </class> <!-- TestCases.AddCustomerTest -->
    </test> <!-- D:/AutomationCourse/DataDrivenFW -->
  </suite> <!-- All Test Suite -->
</testng-results>
