<?xml version="1.0" encoding="UTF-8"?>
<testsuite name="D:/AutomationCourse/DataDrivenFW"
           tests="4"
           failures="0"
           errors="0"
           skipped="0"
           time="1.505">
  <properties />
  
  
            <testcase name="addCustomerTest" time="0.285" classname="TestCases.AddCustomerTest" />
                <testcase name="addCustomerTest" time="0.351" classname="TestCases.AddCustomerTest" />
                <testcase name="addCustomerTest" time="0.286" classname="TestCases.AddCustomerTest" />
                <testcase name="addCustomerTest" time="0.583" classname="TestCases.AddCustomerTest" />
      
</testsuite>
